<?xml version="1.0" encoding="UTF-8"?>
<!-- Generated by org.testng.reporters.JUnitReportReporter -->
<testsuite hostname="HARSHITA" failures="0" tests="1" name="Reports.ExtentReportDemo" time="8.835" errors="0" timestamp="16 Aug 2018 20:41:52 GMT" skipped="0">
  <testcase classname="Reports.ExtentReportDemo" name="loginTest" time="8.835"/>
</testsuite> <!-- Reports.ExtentReportDemo -->
